<?xml version="1.0" encoding="UTF-8"?>
<robot generator="Robot 7.4.1 (Python 3.13.5 on darwin)" generated="2026-04-16T15:05:42.109371" rpa="false" schemaversion="5">
<suite id="s1" name="ExecutiveSummaryTest" source="/Users/faryzaaina/Documents/TM/DSS FORCE/portal-testing-automation-DSS-FORCE/TestCase/Dashboard/ExecutiveSummaryTest.robot">
<test id="s1-t1" name="Verify Executive Summary Navigation" line="10">
<kw name="Launch Application" owner="LaunchApp">
<kw name="Open Browser" owner="SeleniumLibrary">
<arg>${URL}</arg>
<arg>${BROWSER}</arg>
<doc>Opens a new browser instance to the optional ``url``.</doc>
<status status="FAIL" start="2026-04-16T15:15:45.935742" elapsed="0.000797">Execution terminated by signal</status>
</kw>
<kw name="Maximize Browser Window" owner="SeleniumLibrary">
<doc>Maximizes current browser window.</doc>
<status status="NOT RUN" start="2026-04-16T15:15:45.937447" elapsed="0.000035"/>
</kw>
<kw name="Set Screenshot Directory" owner="SeleniumLibrary">
<arg>${EXECDIR}/Screenshots</arg>
<doc>Sets the directory for captured screenshots.</doc>
<status status="NOT RUN" start="2026-04-16T15:15:45.937603" elapsed="0.000025"/>
</kw>
<status status="FAIL" start="2026-04-16T15:15:45.934052" elapsed="0.003713">Execution terminated by signal</status>
</kw>
<kw name="Login App" owner="LoginApp">
<arg>${username}</arg>
<arg>${password}</arg>
<doc>Perform successful login with valid credentials.</doc>
<status status="NOT RUN" start="2026-04-16T15:15:45.938057" elapsed="0.000032"/>
</kw>
<kw name="Main Page" owner="LoginApp">
<doc>Ensure main page is loaded</doc>
<status status="NOT RUN" start="2026-04-16T15:15:45.938242" elapsed="0.000022"/>
</kw>
<kw name="Navigate To Executive Summary">
<status status="NOT RUN" start="2026-04-16T15:15:45.938458" elapsed="0.000036"/>
</kw>
<doc>Verify navigation to Executive Summary</doc>
<tag>Dashboard</tag>
<tag>Regression</tag>
<status status="FAIL" start="2026-04-16T15:15:45.928901" elapsed="0.009846">Execution terminated by signal</status>
</test>
<test id="s1-t2" name="Verify Executive Summary Region Filter And Search" line="18">
<doc>Verify that selecting a Region and clicking Search works on the Executive Summary page</doc>
<tag>Dashboard</tag>
<tag>Filter</tag>
<tag>Regression</tag>
<tag>robot:exit</tag>
<status status="FAIL" start="2026-04-16T15:15:45.939362" elapsed="0.000471">Test execution stopped due to a fatal error.</status>
</test>
<test id="s1-t3" name="Verify Executive Summary Reset Filter" line="27">
<doc>Verify that the Reset button clears all filters on the Executive Summary page</doc>
<tag>Dashboard</tag>
<tag>Filter</tag>
<tag>Regression</tag>
<tag>robot:exit</tag>
<status status="FAIL" start="2026-04-16T15:15:45.940197" elapsed="0.000339">Test execution stopped due to a fatal error.</status>
</test>
<status status="FAIL" start="2026-04-16T15:05:42.111212" elapsed="603.829845"/>
</suite>
<statistics>
<total>
<stat pass="0" fail="3" skip="0">All Tests</stat>
</total>
<tag>
<stat info="combined" combined="NOT robot:exit" pass="0" fail="1" skip="0">NOT robot:exit</stat>
<stat pass="0" fail="3" skip="0">Dashboard</stat>
<stat pass="0" fail="2" skip="0">Filter</stat>
<stat pass="0" fail="3" skip="0">Regression</stat>
</tag>
<suite>
<stat name="ExecutiveSummaryTest" id="s1" pass="0" fail="3" skip="0">ExecutiveSummaryTest</stat>
</suite>
</statistics>
<errors>
<msg time="2026-04-16T15:15:45.914243" level="ERROR">Error in file '/Users/faryzaaina/Documents/TM/DSS FORCE/portal-testing-automation-DSS-FORCE/TestCase/Dashboard/ExecutiveSummaryTest.robot' on line 7: OSError: [Errno 89] Operation canceled</msg>
</errors>
</robot>
