<?xml version="1.0" encoding="UTF-8"?>
<robot generator="Robot 7.4.1 (Python 3.13.5 on darwin)" generated="2026-04-15T15:35:02.332245" rpa="false" schemaversion="5">
<suite id="s1" name="LoginTest" source="/Users/faryzaaina/Documents/TM/DSS FORCE/portal-testing-automation-DSS-FORCE/TestCase/Login/LoginTest.robot">
<test id="s1-t1" name="Valid Login (Positive Scenario)" line="17">
<kw name="Launch App For Login" type="SETUP">
<kw name="Launch Application" owner="LaunchApp">
<kw name="Open Browser" owner="SeleniumLibrary">
<msg time="2026-04-15T15:35:05.782128" level="INFO">Opening browser 'chrome' to base url 'https://myforce.tmrnd.com.my'.</msg>
<arg>${URL}</arg>
<arg>${BROWSER}</arg>
<doc>Opens a new browser instance to the optional ``url``.</doc>
<status status="PASS" start="2026-04-15T15:35:05.781412" elapsed="2.997363"/>
</kw>
<kw name="Maximize Browser Window" owner="SeleniumLibrary">
<doc>Maximizes current browser window.</doc>
<status status="PASS" start="2026-04-15T15:35:08.779040" elapsed="0.331361"/>
</kw>
<kw name="Set Screenshot Directory" owner="SeleniumLibrary">
<arg>${EXECDIR}/Screenshots</arg>
<doc>Sets the directory for captured screenshots.</doc>
<status status="PASS" start="2026-04-15T15:35:09.110635" elapsed="0.000404"/>
</kw>
<status status="PASS" start="2026-04-15T15:35:05.780114" elapsed="3.331015"/>
</kw>
<kw name="Your Connection not Private" owner="LoginApp">
<kw name="Run Keyword And Return Status" owner="BuiltIn">
<kw name="Page Should Contain" owner="SeleniumLibrary">
<msg time="2026-04-15T15:35:09.438517" level="INFO" html="true">&lt;/td&gt;&lt;/tr&gt;&lt;tr&gt;&lt;td colspan="3"&gt;&lt;a href="Screenshots/selenium-screenshot-37.png"&gt;&lt;img src="Screenshots/selenium-screenshot-37.png" width="800px"&gt;&lt;/a&gt;</msg>
<msg time="2026-04-15T15:35:09.439006" level="FAIL">Page should have contained text 'Your connection is not private' but did not.</msg>
<arg>Your connection is not private</arg>
<doc>Verifies that current page contains ``text``.</doc>
<status status="FAIL" start="2026-04-15T15:35:09.112004" elapsed="0.342566">Page should have contained text 'Your connection is not private' but did not.</status>
</kw>
<msg time="2026-04-15T15:35:09.454833" level="INFO">${is_ssl_error} = False</msg>
<var>${is_ssl_error}</var>
<arg>Page Should Contain</arg>
<arg>Your connection is not private</arg>
<doc>Runs the specified keyword and returns the status as a Boolean value.</doc>
<status status="PASS" start="2026-04-15T15:35:09.111584" elapsed="0.343297"/>
</kw>
<kw name="Return From Keyword If" owner="BuiltIn">
<msg time="2026-04-15T15:35:09.455665" level="INFO">Returning from the enclosing user keyword.</msg>
<arg>not ${is_ssl_error}</arg>
<doc>Returns from the enclosing user keyword if ``condition`` is true.</doc>
<status status="PASS" start="2026-04-15T15:35:09.455126" elapsed="0.000638"/>
</kw>
<kw name="Click Element" owner="SeleniumLibrary">
<arg>${AdvancedButton}</arg>
<doc>Click the element identified by ``locator``.</doc>
<status status="NOT RUN" start="2026-04-15T15:35:09.455847" elapsed="0.000016"/>
</kw>
<kw name="Page Should Contain" owner="SeleniumLibrary">
<arg>simulation.tmforcedev.tm.com.my (unsafe)</arg>
<doc>Verifies that current page contains ``text``.</doc>
<status status="NOT RUN" start="2026-04-15T15:35:09.455913" elapsed="0.000012"/>
</kw>
<kw name="Click Link" owner="SeleniumLibrary">
<arg>${ProceedLink}</arg>
<doc>Clicks a link identified by ``locator``.</doc>
<status status="NOT RUN" start="2026-04-15T15:35:09.455967" elapsed="0.000010"/>
</kw>
<kw name="Evaluate" owner="BuiltIn">
<var>${options}</var>
<arg>sys.modules['selenium.webdriver'].ChromeOptions()</arg>
<arg>sys, selenium.webdriver</arg>
<doc>Evaluates the given expression in Python and returns the result.</doc>
<status status="NOT RUN" start="2026-04-15T15:35:09.456115" elapsed="0.000023"/>
</kw>
<kw name="Call Method" owner="BuiltIn">
<arg>${options}</arg>
<arg>add_experimental_option</arg>
<arg>prefs</arg>
<arg>${CHROME_PREFS}</arg>
<doc>Calls the named method of the given object with the provided arguments.</doc>
<status status="NOT RUN" start="2026-04-15T15:35:09.456204" elapsed="0.000030"/>
</kw>
<doc>Open the browser and handle SSL certificate warning</doc>
<status status="PASS" start="2026-04-15T15:35:09.111330" elapsed="0.344974"/>
</kw>
<status status="PASS" start="2026-04-15T15:35:05.779651" elapsed="3.676687"/>
</kw>
<kw name="Login App" owner="LoginApp">
<kw name="Bypass SIT Environment If Needed" owner="LoginApp">
<kw name="Run Keyword And Return Status" owner="BuiltIn">
<kw name="Element Should Be Visible" owner="SeleniumLibrary">
<msg time="2026-04-15T15:35:10.290953" level="INFO" html="true">&lt;/td&gt;&lt;/tr&gt;&lt;tr&gt;&lt;td colspan="3"&gt;&lt;a href="Screenshots/selenium-screenshot-38.png"&gt;&lt;img src="Screenshots/selenium-screenshot-38.png" width="800px"&gt;&lt;/a&gt;</msg>
<msg time="2026-04-15T15:35:10.291075" level="FAIL">Element with locator 'xpath=//input[@placeholder='Username']' not found.</msg>
<arg>${username_input}</arg>
<doc>Verifies that the element identified by ``locator`` is visible.</doc>
<status status="FAIL" start="2026-04-15T15:35:09.457452" elapsed="0.836080">Element with locator 'xpath=//input[@placeholder='Username']' not found.</status>
</kw>
<msg time="2026-04-15T15:35:10.293625" level="INFO">${already} = False</msg>
<var>${already}</var>
<arg>Element Should Be Visible</arg>
<arg>${username_input}</arg>
<doc>Runs the specified keyword and returns the status as a Boolean value.</doc>
<status status="PASS" start="2026-04-15T15:35:09.457290" elapsed="0.836349"/>
</kw>
<kw name="Return From Keyword If" owner="BuiltIn">
<arg>${already}</arg>
<doc>Returns from the enclosing user keyword if ``condition`` is true.</doc>
<status status="PASS" start="2026-04-15T15:35:10.293738" elapsed="0.000169"/>
</kw>
<kw name="Run Keyword And Return Status" owner="BuiltIn">
<kw name="Wait Until Page Contains Element" owner="SeleniumLibrary">
<arg>${SIT_Button}</arg>
<arg>8s</arg>
<doc>Waits until the element ``locator`` appears on the current page.</doc>
<status status="PASS" start="2026-04-15T15:35:10.294088" elapsed="0.005371"/>
</kw>
<msg time="2026-04-15T15:35:10.299545" level="INFO">${sit} = True</msg>
<var>${sit}</var>
<arg>Wait Until Page Contains Element</arg>
<arg>${SIT_Button}</arg>
<arg>8s</arg>
<doc>Runs the specified keyword and returns the status as a Boolean value.</doc>
<status status="PASS" start="2026-04-15T15:35:10.293964" elapsed="0.005596"/>
</kw>
<kw name="Return From Keyword If" owner="BuiltIn">
<arg>not ${sit}</arg>
<doc>Returns from the enclosing user keyword if ``condition`` is true.</doc>
<status status="PASS" start="2026-04-15T15:35:10.299635" elapsed="0.000173"/>
</kw>
<for flavor="IN RANGE">
<iter>
<kw name="Execute Javascript" owner="SeleniumLibrary">
<msg time="2026-04-15T15:35:10.300199" level="INFO">Executing JavaScript:
document.querySelectorAll('button.webix_button')[0].click()
Without any arguments.</msg>
<arg>document.querySelectorAll('button.webix_button')[0].click()</arg>
<doc>Executes the given JavaScript code with possible arguments.</doc>
<status status="PASS" start="2026-04-15T15:35:10.300023" elapsed="0.003855"/>
</kw>
<kw name="Sleep" owner="BuiltIn">
<msg time="2026-04-15T15:35:10.804511" level="INFO">Slept 500 milliseconds.</msg>
<arg>0.5s</arg>
<doc>Pauses the test executed for the given time.</doc>
<status status="PASS" start="2026-04-15T15:35:10.303956" elapsed="0.500914"/>
</kw>
<var name="${i}">0</var>
<status status="PASS" start="2026-04-15T15:35:10.299963" elapsed="0.505116"/>
</iter>
<iter>
<kw name="Execute Javascript" owner="SeleniumLibrary">
<msg time="2026-04-15T15:35:10.806706" level="INFO">Executing JavaScript:
document.querySelectorAll('button.webix_button')[0].click()
Without any arguments.</msg>
<arg>document.querySelectorAll('button.webix_button')[0].click()</arg>
<doc>Executes the given JavaScript code with possible arguments.</doc>
<status status="PASS" start="2026-04-15T15:35:10.805860" elapsed="0.008499"/>
</kw>
<kw name="Sleep" owner="BuiltIn">
<msg time="2026-04-15T15:35:11.315637" level="INFO">Slept 500 milliseconds.</msg>
<arg>0.5s</arg>
<doc>Pauses the test executed for the given time.</doc>
<status status="PASS" start="2026-04-15T15:35:10.814657" elapsed="0.501135"/>
</kw>
<var name="${i}">1</var>
<status status="PASS" start="2026-04-15T15:35:10.805510" elapsed="0.510762"/>
</iter>
<iter>
<kw name="Execute Javascript" owner="SeleniumLibrary">
<msg time="2026-04-15T15:35:11.316752" level="INFO">Executing JavaScript:
document.querySelectorAll('button.webix_button')[0].click()
Without any arguments.</msg>
<arg>document.querySelectorAll('button.webix_button')[0].click()</arg>
<doc>Executes the given JavaScript code with possible arguments.</doc>
<status status="PASS" start="2026-04-15T15:35:11.316480" elapsed="0.010619"/>
</kw>
<kw name="Sleep" owner="BuiltIn">
<msg time="2026-04-15T15:35:11.829301" level="INFO">Slept 500 milliseconds.</msg>
<arg>0.5s</arg>
<doc>Pauses the test executed for the given time.</doc>
<status status="PASS" start="2026-04-15T15:35:11.327250" elapsed="0.502530"/>
</kw>
<var name="${i}">2</var>
<status status="PASS" start="2026-04-15T15:35:11.316389" elapsed="0.513619"/>
</iter>
<iter>
<kw name="Execute Javascript" owner="SeleniumLibrary">
<msg time="2026-04-15T15:35:11.832243" level="INFO">Executing JavaScript:
document.querySelectorAll('button.webix_button')[0].click()
Without any arguments.</msg>
<arg>document.querySelectorAll('button.webix_button')[0].click()</arg>
<doc>Executes the given JavaScript code with possible arguments.</doc>
<status status="PASS" start="2026-04-15T15:35:11.831165" elapsed="0.007962"/>
</kw>
<kw name="Sleep" owner="BuiltIn">
<msg time="2026-04-15T15:35:12.340423" level="INFO">Slept 500 milliseconds.</msg>
<arg>0.5s</arg>
<doc>Pauses the test executed for the given time.</doc>
<status status="PASS" start="2026-04-15T15:35:11.839372" elapsed="0.501584"/>
</kw>
<var name="${i}">3</var>
<status status="PASS" start="2026-04-15T15:35:11.830681" elapsed="0.510509"/>
</iter>
<var>${i}</var>
<value>4</value>
<status status="PASS" start="2026-04-15T15:35:10.299860" elapsed="2.041507"/>
</for>
<doc>DSS may show SIT/pre-login Webix buttons before the real login form.</doc>
<status status="PASS" start="2026-04-15T15:35:09.457150" elapsed="2.884643"/>
</kw>
<kw name="Wait Until Keyword Succeeds" owner="BuiltIn">
<kw name="At Least One Login Control Visible" owner="LoginApp">
<kw name="Run Keyword And Return Status" owner="BuiltIn">
<kw name="Element Should Be Visible" owner="SeleniumLibrary">
<msg time="2026-04-15T15:35:12.366928" level="INFO">Element 'xpath=//input[@placeholder='Username']' is displayed.</msg>
<arg>${username_input}</arg>
<doc>Verifies that the element identified by ``locator`` is visible.</doc>
<status status="PASS" start="2026-04-15T15:35:12.344702" elapsed="0.022337"/>
</kw>
<msg time="2026-04-15T15:35:12.367199" level="INFO">${user visible} = True</msg>
<var>${user visible}</var>
<arg>Element Should Be Visible</arg>
<arg>${username_input}</arg>
<doc>Runs the specified keyword and returns the status as a Boolean value.</doc>
<status status="PASS" start="2026-04-15T15:35:12.344214" elapsed="0.023015"/>
</kw>
<kw name="Run Keyword And Return Status" owner="BuiltIn">
<kw name="Element Should Be Visible" owner="SeleniumLibrary">
<msg time="2026-04-15T15:35:13.050774" level="INFO" html="true">&lt;/td&gt;&lt;/tr&gt;&lt;tr&gt;&lt;td colspan="3"&gt;&lt;a href="Screenshots/selenium-screenshot-39.png"&gt;&lt;img src="Screenshots/selenium-screenshot-39.png" width="800px"&gt;&lt;/a&gt;</msg>
<msg time="2026-04-15T15:35:13.050870" level="FAIL">Element with locator 'xpath=//button[contains(@class,'webix_button') and contains(normalize-space(.),'Enter')]' not found.</msg>
<arg>${EnterLogin_btn}</arg>
<doc>Verifies that the element identified by ``locator`` is visible.</doc>
<status status="FAIL" start="2026-04-15T15:35:12.367773" elapsed="0.683584">Element with locator 'xpath=//button[contains(@class,'webix_button') and contains(normalize-space(.),'Enter')]' not found.</status>
</kw>
<msg time="2026-04-15T15:35:13.051430" level="INFO">${enter visible} = False</msg>
<var>${enter visible}</var>
<arg>Element Should Be Visible</arg>
<arg>${EnterLogin_btn}</arg>
<doc>Runs the specified keyword and returns the status as a Boolean value.</doc>
<status status="PASS" start="2026-04-15T15:35:12.367404" elapsed="0.684038"/>
</kw>
<kw name="Should Be True" owner="BuiltIn">
<arg>${user visible} or ${enter visible}</arg>
<doc>Fails if the given condition is not true.</doc>
<status status="PASS" start="2026-04-15T15:35:13.051521" elapsed="0.000196"/>
</kw>
<doc>True when username field or Enter CTA is already on screen.</doc>
<status status="PASS" start="2026-04-15T15:35:12.343707" elapsed="0.708044"/>
</kw>
<arg>30s</arg>
<arg>1s</arg>
<arg>At Least One Login Control Visible</arg>
<doc>Runs the specified keyword and retries if it fails.</doc>
<status status="PASS" start="2026-04-15T15:35:12.342296" elapsed="0.709476"/>
</kw>
<kw name="Run Keyword And Return Status" owner="BuiltIn">
<kw name="Element Should Be Visible" owner="SeleniumLibrary">
<msg time="2026-04-15T15:35:13.692205" level="INFO" html="true">&lt;/td&gt;&lt;/tr&gt;&lt;tr&gt;&lt;td colspan="3"&gt;&lt;a href="Screenshots/selenium-screenshot-40.png"&gt;&lt;img src="Screenshots/selenium-screenshot-40.png" width="800px"&gt;&lt;/a&gt;</msg>
<msg time="2026-04-15T15:35:13.692298" level="FAIL">Element with locator 'xpath=//button[contains(@class,'webix_button') and contains(normalize-space(.),'Enter')]' not found.</msg>
<arg>${EnterLogin_btn}</arg>
<doc>Verifies that the element identified by ``locator`` is visible.</doc>
<status status="FAIL" start="2026-04-15T15:35:13.051940" elapsed="0.640846">Element with locator 'xpath=//button[contains(@class,'webix_button') and contains(normalize-space(.),'Enter')]' not found.</status>
</kw>
<msg time="2026-04-15T15:35:13.692860" level="INFO">${has_enter} = False</msg>
<var>${has_enter}</var>
<arg>Element Should Be Visible</arg>
<arg>${EnterLogin_btn}</arg>
<doc>Runs the specified keyword and returns the status as a Boolean value.</doc>
<status status="PASS" start="2026-04-15T15:35:13.051824" elapsed="0.641048"/>
</kw>
<kw name="Run Keyword If" owner="BuiltIn">
<arg>${has_enter}</arg>
<arg>Click Element</arg>
<arg>${EnterLogin_btn}</arg>
<doc>Runs the given keyword with the given arguments, if ``condition`` is true.</doc>
<status status="PASS" start="2026-04-15T15:35:13.692959" elapsed="0.000160"/>
</kw>
<kw name="Wait Until Element Is Visible" owner="SeleniumLibrary">
<arg>${username_input}</arg>
<arg>20s</arg>
<doc>Waits until the element ``locator`` is visible.</doc>
<status status="PASS" start="2026-04-15T15:35:13.693177" elapsed="0.005969"/>
</kw>
<kw name="Input Text" owner="SeleniumLibrary">
<msg time="2026-04-15T15:35:13.699344" level="INFO">Typing text 'DSS08' into text field 'xpath=//input[@placeholder='Username']'.</msg>
<arg>${username_input}</arg>
<arg>${user}</arg>
<doc>Types the given ``text`` into the text field identified by ``locator``.</doc>
<status status="PASS" start="2026-04-15T15:35:13.699230" elapsed="0.122558"/>
</kw>
<kw name="Wait Until Element Is Visible" owner="SeleniumLibrary">
<arg>${password_input}</arg>
<arg>15s</arg>
<doc>Waits until the element ``locator`` is visible.</doc>
<status status="PASS" start="2026-04-15T15:35:13.821940" elapsed="0.007686"/>
</kw>
<kw name="Input Password" owner="SeleniumLibrary">
<msg time="2026-04-15T15:35:13.829866" level="INFO">Typing password into text field 'xpath=//input[@placeholder="Password"]'.</msg>
<msg time="2026-04-15T15:35:13.847784" level="INFO">Temporally setting log level to: NONE</msg>
<arg>${password_input}</arg>
<arg>${pass}</arg>
<doc>Types the given password into the text field identified by ``locator``.</doc>
<status status="PASS" start="2026-04-15T15:35:13.829732" elapsed="0.037663"/>
</kw>
<kw name="Wait Until Element Is Visible" owner="SeleniumLibrary">
<arg>${LoginButton}</arg>
<arg>15s</arg>
<doc>Waits until the element ``locator`` is visible.</doc>
<status status="PASS" start="2026-04-15T15:35:13.867721" elapsed="0.025836"/>
</kw>
<kw name="Click Element" owner="SeleniumLibrary">
<msg time="2026-04-15T15:35:13.893808" level="INFO">Clicking element 'xpath=//button[@type='button' and contains(@class, 'webix_button') and contains(translate(normalize-space(.), 'ABCDEFGHIJKLMNOPQRSTUVWXYZ', 'abcdefghijklmnopqrstuvwxyz'), 'login') and contains(translate(normalize-space(.), 'ABCDEFGHIJKLMNOPQRSTUVWXYZ', 'abcdefghijklmnopqrstuvwxyz'), 'password')]'.</msg>
<arg>${LoginButton}</arg>
<doc>Click the element identified by ``locator``.</doc>
<status status="PASS" start="2026-04-15T15:35:13.893671" elapsed="0.028476"/>
</kw>
<arg>${username}</arg>
<arg>${password}</arg>
<doc>Perform successful login with valid credentials.</doc>
<status status="PASS" start="2026-04-15T15:35:09.456863" elapsed="4.465354"/>
</kw>
<kw name="Main Page" owner="LoginApp">
<kw name="Wait Until Page Contains" owner="SeleniumLibrary">
<arg>Announcement</arg>
<arg>timeout=15</arg>
<doc>Waits until ``text`` appears on the current page.</doc>
<status status="PASS" start="2026-04-15T15:35:13.922531" elapsed="0.210572"/>
</kw>
<kw name="Sleep" owner="BuiltIn">
<msg time="2026-04-15T15:35:17.139105" level="INFO">Slept 3 seconds.</msg>
<arg>3s</arg>
<doc>Pauses the test executed for the given time.</doc>
<status status="PASS" start="2026-04-15T15:35:14.133249" elapsed="3.009031"/>
</kw>
<doc>Ensure main page is loaded</doc>
<status status="PASS" start="2026-04-15T15:35:13.922382" elapsed="3.221726"/>
</kw>
<kw name="Close Browser" owner="SeleniumLibrary" type="TEARDOWN">
<doc>Closes the current browser.</doc>
<status status="PASS" start="2026-04-15T15:35:17.145414" elapsed="0.160368"/>
</kw>
<doc>Ensure valid credentials successfully log user into Main Page.</doc>
<tag>Login</tag>
<tag>Positive</tag>
<status status="PASS" start="2026-04-15T15:35:05.778394" elapsed="11.527478"/>
</test>
<test id="s1-t2" name="Invalid Username (Negative Scenario)" line="23">
<kw name="Launch App For Login" type="SETUP">
<kw name="Launch Application" owner="LaunchApp">
<kw name="Open Browser" owner="SeleniumLibrary">
<msg time="2026-04-15T15:35:17.306665" level="INFO">Opening browser 'chrome' to base url 'https://myforce.tmrnd.com.my'.</msg>
<arg>${URL}</arg>
<arg>${BROWSER}</arg>
<doc>Opens a new browser instance to the optional ``url``.</doc>
<status status="PASS" start="2026-04-15T15:35:17.306548" elapsed="1.450678"/>
</kw>
<kw name="Maximize Browser Window" owner="SeleniumLibrary">
<doc>Maximizes current browser window.</doc>
<status status="PASS" start="2026-04-15T15:35:18.757505" elapsed="0.316993"/>
</kw>
<kw name="Set Screenshot Directory" owner="SeleniumLibrary">
<arg>${EXECDIR}/Screenshots</arg>
<doc>Sets the directory for captured screenshots.</doc>
<status status="PASS" start="2026-04-15T15:35:19.074630" elapsed="0.000279"/>
</kw>
<status status="PASS" start="2026-04-15T15:35:17.306436" elapsed="1.768541"/>
</kw>
<kw name="Your Connection not Private" owner="LoginApp">
<kw name="Run Keyword And Return Status" owner="BuiltIn">
<kw name="Page Should Contain" owner="SeleniumLibrary">
<msg time="2026-04-15T15:35:19.987077" level="INFO" html="true">&lt;/td&gt;&lt;/tr&gt;&lt;tr&gt;&lt;td colspan="3"&gt;&lt;a href="Screenshots/selenium-screenshot-41.png"&gt;&lt;img src="Screenshots/selenium-screenshot-41.png" width="800px"&gt;&lt;/a&gt;</msg>
<msg time="2026-04-15T15:35:19.987601" level="FAIL">Page should have contained text 'Your connection is not private' but did not.</msg>
<arg>Your connection is not private</arg>
<doc>Verifies that current page contains ``text``.</doc>
<status status="FAIL" start="2026-04-15T15:35:19.075568" elapsed="0.924169">Page should have contained text 'Your connection is not private' but did not.</status>
</kw>
<msg time="2026-04-15T15:35:19.999871" level="INFO">${is_ssl_error} = False</msg>
<var>${is_ssl_error}</var>
<arg>Page Should Contain</arg>
<arg>Your connection is not private</arg>
<doc>Runs the specified keyword and returns the status as a Boolean value.</doc>
<status status="PASS" start="2026-04-15T15:35:19.075332" elapsed="0.924554"/>
</kw>
<kw name="Return From Keyword If" owner="BuiltIn">
<msg time="2026-04-15T15:35:20.000867" level="INFO">Returning from the enclosing user keyword.</msg>
<arg>not ${is_ssl_error}</arg>
<doc>Returns from the enclosing user keyword if ``condition`` is true.</doc>
<status status="PASS" start="2026-04-15T15:35:20.000007" elapsed="0.000894"/>
</kw>
<kw name="Click Element" owner="SeleniumLibrary">
<arg>${AdvancedButton}</arg>
<doc>Click the element identified by ``locator``.</doc>
<status status="NOT RUN" start="2026-04-15T15:35:20.000964" elapsed="0.000013"/>
</kw>
<kw name="Page Should Contain" owner="SeleniumLibrary">
<arg>simulation.tmforcedev.tm.com.my (unsafe)</arg>
<doc>Verifies that current page contains ``text``.</doc>
<status status="NOT RUN" start="2026-04-15T15:35:20.001019" elapsed="0.000010"/>
</kw>
<kw name="Click Link" owner="SeleniumLibrary">
<arg>${ProceedLink}</arg>
<doc>Clicks a link identified by ``locator``.</doc>
<status status="NOT RUN" start="2026-04-15T15:35:20.001066" elapsed="0.000009"/>
</kw>
<kw name="Evaluate" owner="BuiltIn">
<var>${options}</var>
<arg>sys.modules['selenium.webdriver'].ChromeOptions()</arg>
<arg>sys, selenium.webdriver</arg>
<doc>Evaluates the given expression in Python and returns the result.</doc>
<status status="NOT RUN" start="2026-04-15T15:35:20.001118" elapsed="0.000009"/>
</kw>
<kw name="Call Method" owner="BuiltIn">
<arg>${options}</arg>
<arg>add_experimental_option</arg>
<arg>prefs</arg>
<arg>${CHROME_PREFS}</arg>
<doc>Calls the named method of the given object with the provided arguments.</doc>
<status status="NOT RUN" start="2026-04-15T15:35:20.001163" elapsed="0.000013"/>
</kw>
<doc>Open the browser and handle SSL certificate warning</doc>
<status status="PASS" start="2026-04-15T15:35:19.075148" elapsed="0.926063"/>
</kw>
<status status="PASS" start="2026-04-15T15:35:17.306303" elapsed="2.694931"/>
</kw>
<kw name="Login App" owner="LoginApp">
<kw name="Bypass SIT Environment If Needed" owner="LoginApp">
<kw name="Run Keyword And Return Status" owner="BuiltIn">
<kw name="Element Should Be Visible" owner="SeleniumLibrary">
<msg time="2026-04-15T15:35:20.680601" level="INFO" html="true">&lt;/td&gt;&lt;/tr&gt;&lt;tr&gt;&lt;td colspan="3"&gt;&lt;a href="Screenshots/selenium-screenshot-42.png"&gt;&lt;img src="Screenshots/selenium-screenshot-42.png" width="800px"&gt;&lt;/a&gt;</msg>
<msg time="2026-04-15T15:35:20.680707" level="FAIL">Element with locator 'xpath=//input[@placeholder='Username']' not found.</msg>
<arg>${username_input}</arg>
<doc>Verifies that the element identified by ``locator`` is visible.</doc>
<status status="FAIL" start="2026-04-15T15:35:20.001805" elapsed="0.679451">Element with locator 'xpath=//input[@placeholder='Username']' not found.</status>
</kw>
<msg time="2026-04-15T15:35:20.681332" level="INFO">${already} = False</msg>
<var>${already}</var>
<arg>Element Should Be Visible</arg>
<arg>${username_input}</arg>
<doc>Runs the specified keyword and returns the status as a Boolean value.</doc>
<status status="PASS" start="2026-04-15T15:35:20.001682" elapsed="0.679663"/>
</kw>
<kw name="Return From Keyword If" owner="BuiltIn">
<arg>${already}</arg>
<doc>Returns from the enclosing user keyword if ``condition`` is true.</doc>
<status status="PASS" start="2026-04-15T15:35:20.681433" elapsed="0.000154"/>
</kw>
<kw name="Run Keyword And Return Status" owner="BuiltIn">
<kw name="Wait Until Page Contains Element" owner="SeleniumLibrary">
<arg>${SIT_Button}</arg>
<arg>8s</arg>
<doc>Waits until the element ``locator`` appears on the current page.</doc>
<status status="PASS" start="2026-04-15T15:35:20.681759" elapsed="0.005654"/>
</kw>
<msg time="2026-04-15T15:35:20.687485" level="INFO">${sit} = True</msg>
<var>${sit}</var>
<arg>Wait Until Page Contains Element</arg>
<arg>${SIT_Button}</arg>
<arg>8s</arg>
<doc>Runs the specified keyword and returns the status as a Boolean value.</doc>
<status status="PASS" start="2026-04-15T15:35:20.681642" elapsed="0.005857"/>
</kw>
<kw name="Return From Keyword If" owner="BuiltIn">
<arg>not ${sit}</arg>
<doc>Returns from the enclosing user keyword if ``condition`` is true.</doc>
<status status="PASS" start="2026-04-15T15:35:20.687572" elapsed="0.000159"/>
</kw>
<for flavor="IN RANGE">
<iter>
<kw name="Execute Javascript" owner="SeleniumLibrary">
<msg time="2026-04-15T15:35:20.688163" level="INFO">Executing JavaScript:
document.querySelectorAll('button.webix_button')[0].click()
Without any arguments.</msg>
<arg>document.querySelectorAll('button.webix_button')[0].click()</arg>
<doc>Executes the given JavaScript code with possible arguments.</doc>
<status status="PASS" start="2026-04-15T15:35:20.687940" elapsed="0.005162"/>
</kw>
<kw name="Sleep" owner="BuiltIn">
<msg time="2026-04-15T15:35:21.196649" level="INFO">Slept 500 milliseconds.</msg>
<arg>0.5s</arg>
<doc>Pauses the test executed for the given time.</doc>
<status status="PASS" start="2026-04-15T15:35:20.694617" elapsed="0.502173"/>
</kw>
<var name="${i}">0</var>
<status status="PASS" start="2026-04-15T15:35:20.687886" elapsed="0.508976"/>
</iter>
<iter>
<kw name="Execute Javascript" owner="SeleniumLibrary">
<msg time="2026-04-15T15:35:21.197505" level="INFO">Executing JavaScript:
document.querySelectorAll('button.webix_button')[0].click()
Without any arguments.</msg>
<arg>document.querySelectorAll('button.webix_button')[0].click()</arg>
<doc>Executes the given JavaScript code with possible arguments.</doc>
<status status="PASS" start="2026-04-15T15:35:21.197156" elapsed="0.003597"/>
</kw>
<kw name="Sleep" owner="BuiltIn">
<msg time="2026-04-15T15:35:21.702040" level="INFO">Slept 500 milliseconds.</msg>
<arg>0.5s</arg>
<doc>Pauses the test executed for the given time.</doc>
<status status="PASS" start="2026-04-15T15:35:21.200881" elapsed="0.501457"/>
</kw>
<var name="${i}">1</var>
<status status="PASS" start="2026-04-15T15:35:21.197029" elapsed="0.505476"/>
</iter>
<iter>
<kw name="Execute Javascript" owner="SeleniumLibrary">
<msg time="2026-04-15T15:35:21.703998" level="INFO">Executing JavaScript:
document.querySelectorAll('button.webix_button')[0].click()
Without any arguments.</msg>
<arg>document.querySelectorAll('button.webix_button')[0].click()</arg>
<doc>Executes the given JavaScript code with possible arguments.</doc>
<status status="PASS" start="2026-04-15T15:35:21.703283" elapsed="0.018686"/>
</kw>
<kw name="Sleep" owner="BuiltIn">
<msg time="2026-04-15T15:35:22.225159" level="INFO">Slept 500 milliseconds.</msg>
<arg>0.5s</arg>
<doc>Pauses the test executed for the given time.</doc>
<status status="PASS" start="2026-04-15T15:35:21.722184" elapsed="0.503391"/>
</kw>
<var name="${i}">2</var>
<status status="PASS" start="2026-04-15T15:35:21.702875" elapsed="0.522943"/>
</iter>
<iter>
<kw name="Execute Javascript" owner="SeleniumLibrary">
<msg time="2026-04-15T15:35:22.228051" level="INFO">Executing JavaScript:
document.querySelectorAll('button.webix_button')[0].click()
Without any arguments.</msg>
<arg>document.querySelectorAll('button.webix_button')[0].click()</arg>
<doc>Executes the given JavaScript code with possible arguments.</doc>
<status status="PASS" start="2026-04-15T15:35:22.226760" elapsed="0.007942"/>
</kw>
<kw name="Sleep" owner="BuiltIn">
<msg time="2026-04-15T15:35:22.736521" level="INFO">Slept 500 milliseconds.</msg>
<arg>0.5s</arg>
<doc>Pauses the test executed for the given time.</doc>
<status status="PASS" start="2026-04-15T15:35:22.235140" elapsed="0.501599"/>
</kw>
<var name="${i}">3</var>
<status status="PASS" start="2026-04-15T15:35:22.226302" elapsed="0.510551"/>
</iter>
<var>${i}</var>
<value>4</value>
<status status="PASS" start="2026-04-15T15:35:20.687782" elapsed="2.049167"/>
</for>
<doc>DSS may show SIT/pre-login Webix buttons before the real login form.</doc>
<status status="PASS" start="2026-04-15T15:35:20.001595" elapsed="2.735517"/>
</kw>
<kw name="Wait Until Keyword Succeeds" owner="BuiltIn">
<kw name="At Least One Login Control Visible" owner="LoginApp">
<kw name="Run Keyword And Return Status" owner="BuiltIn">
<kw name="Element Should Be Visible" owner="SeleniumLibrary">
<msg time="2026-04-15T15:35:22.760203" level="INFO">Element 'xpath=//input[@placeholder='Username']' is displayed.</msg>
<arg>${username_input}</arg>
<doc>Verifies that the element identified by ``locator`` is visible.</doc>
<status status="PASS" start="2026-04-15T15:35:22.739116" elapsed="0.021216"/>
</kw>
<msg time="2026-04-15T15:35:22.760500" level="INFO">${user visible} = True</msg>
<var>${user visible}</var>
<arg>Element Should Be Visible</arg>
<arg>${username_input}</arg>
<doc>Runs the specified keyword and returns the status as a Boolean value.</doc>
<status status="PASS" start="2026-04-15T15:35:22.738758" elapsed="0.021780"/>
</kw>
<kw name="Run Keyword And Return Status" owner="BuiltIn">
<kw name="Element Should Be Visible" owner="SeleniumLibrary">
<msg time="2026-04-15T15:35:23.410219" level="INFO" html="true">&lt;/td&gt;&lt;/tr&gt;&lt;tr&gt;&lt;td colspan="3"&gt;&lt;a href="Screenshots/selenium-screenshot-43.png"&gt;&lt;img src="Screenshots/selenium-screenshot-43.png" width="800px"&gt;&lt;/a&gt;</msg>
<msg time="2026-04-15T15:35:23.410310" level="FAIL">Element with locator 'xpath=//button[contains(@class,'webix_button') and contains(normalize-space(.),'Enter')]' not found.</msg>
<arg>${EnterLogin_btn}</arg>
<doc>Verifies that the element identified by ``locator`` is visible.</doc>
<status status="FAIL" start="2026-04-15T15:35:22.761109" elapsed="0.649691">Element with locator 'xpath=//button[contains(@class,'webix_button') and contains(normalize-space(.),'Enter')]' not found.</status>
</kw>
<msg time="2026-04-15T15:35:23.410876" level="INFO">${enter visible} = False</msg>
<var>${enter visible}</var>
<arg>Element Should Be Visible</arg>
<arg>${EnterLogin_btn}</arg>
<doc>Runs the specified keyword and returns the status as a Boolean value.</doc>
<status status="PASS" start="2026-04-15T15:35:22.760725" elapsed="0.650164"/>
</kw>
<kw name="Should Be True" owner="BuiltIn">
<arg>${user visible} or ${enter visible}</arg>
<doc>Fails if the given condition is not true.</doc>
<status status="PASS" start="2026-04-15T15:35:23.410978" elapsed="0.000212"/>
</kw>
<doc>True when username field or Enter CTA is already on screen.</doc>
<status status="PASS" start="2026-04-15T15:35:22.738410" elapsed="0.672815"/>
</kw>
<arg>30s</arg>
<arg>1s</arg>
<arg>At Least One Login Control Visible</arg>
<doc>Runs the specified keyword and retries if it fails.</doc>
<status status="PASS" start="2026-04-15T15:35:22.737366" elapsed="0.673882"/>
</kw>
<kw name="Run Keyword And Return Status" owner="BuiltIn">
<kw name="Element Should Be Visible" owner="SeleniumLibrary">
<msg time="2026-04-15T15:35:24.026005" level="INFO" html="true">&lt;/td&gt;&lt;/tr&gt;&lt;tr&gt;&lt;td colspan="3"&gt;&lt;a href="Screenshots/selenium-screenshot-44.png"&gt;&lt;img src="Screenshots/selenium-screenshot-44.png" width="800px"&gt;&lt;/a&gt;</msg>
<msg time="2026-04-15T15:35:24.026107" level="FAIL">Element with locator 'xpath=//button[contains(@class,'webix_button') and contains(normalize-space(.),'Enter')]' not found.</msg>
<arg>${EnterLogin_btn}</arg>
<doc>Verifies that the element identified by ``locator`` is visible.</doc>
<status status="FAIL" start="2026-04-15T15:35:23.411417" elapsed="0.615195">Element with locator 'xpath=//button[contains(@class,'webix_button') and contains(normalize-space(.),'Enter')]' not found.</status>
</kw>
<msg time="2026-04-15T15:35:24.026687" level="INFO">${has_enter} = False</msg>
<var>${has_enter}</var>
<arg>Element Should Be Visible</arg>
<arg>${EnterLogin_btn}</arg>
<doc>Runs the specified keyword and returns the status as a Boolean value.</doc>
<status status="PASS" start="2026-04-15T15:35:23.411302" elapsed="0.615398"/>
</kw>
<kw name="Run Keyword If" owner="BuiltIn">
<arg>${has_enter}</arg>
<arg>Click Element</arg>
<arg>${EnterLogin_btn}</arg>
<doc>Runs the given keyword with the given arguments, if ``condition`` is true.</doc>
<status status="PASS" start="2026-04-15T15:35:24.026786" elapsed="0.000160"/>
</kw>
<kw name="Wait Until Element Is Visible" owner="SeleniumLibrary">
<arg>${username_input}</arg>
<arg>20s</arg>
<doc>Waits until the element ``locator`` is visible.</doc>
<status status="PASS" start="2026-04-15T15:35:24.027003" elapsed="0.006403"/>
</kw>
<kw name="Input Text" owner="SeleniumLibrary">
<msg time="2026-04-15T15:35:24.033623" level="INFO">Typing text 'WRONGUSER' into text field 'xpath=//input[@placeholder='Username']'.</msg>
<arg>${username_input}</arg>
<arg>${user}</arg>
<doc>Types the given ``text`` into the text field identified by ``locator``.</doc>
<status status="PASS" start="2026-04-15T15:35:24.033499" elapsed="0.110029"/>
</kw>
<kw name="Wait Until Element Is Visible" owner="SeleniumLibrary">
<arg>${password_input}</arg>
<arg>15s</arg>
<doc>Waits until the element ``locator`` is visible.</doc>
<status status="PASS" start="2026-04-15T15:35:24.143736" elapsed="0.011702"/>
</kw>
<kw name="Input Password" owner="SeleniumLibrary">
<msg time="2026-04-15T15:35:24.155779" level="INFO">Typing password into text field 'xpath=//input[@placeholder="Password"]'.</msg>
<msg time="2026-04-15T15:35:24.168430" level="INFO">Temporally setting log level to: NONE</msg>
<arg>${password_input}</arg>
<arg>${pass}</arg>
<doc>Types the given password into the text field identified by ``locator``.</doc>
<status status="PASS" start="2026-04-15T15:35:24.155576" elapsed="0.048919"/>
</kw>
<kw name="Wait Until Element Is Visible" owner="SeleniumLibrary">
<arg>${LoginButton}</arg>
<arg>15s</arg>
<doc>Waits until the element ``locator`` is visible.</doc>
<status status="PASS" start="2026-04-15T15:35:24.204615" elapsed="0.007390"/>
</kw>
<kw name="Click Element" owner="SeleniumLibrary">
<msg time="2026-04-15T15:35:24.212240" level="INFO">Clicking element 'xpath=//button[@type='button' and contains(@class, 'webix_button') and contains(translate(normalize-space(.), 'ABCDEFGHIJKLMNOPQRSTUVWXYZ', 'abcdefghijklmnopqrstuvwxyz'), 'login') and contains(translate(normalize-space(.), 'ABCDEFGHIJKLMNOPQRSTUVWXYZ', 'abcdefghijklmnopqrstuvwxyz'), 'password')]'.</msg>
<arg>${LoginButton}</arg>
<doc>Click the element identified by ``locator``.</doc>
<status status="PASS" start="2026-04-15T15:35:24.212110" elapsed="0.026529"/>
</kw>
<arg>${invalid_username}</arg>
<arg>${password}</arg>
<doc>Perform successful login with valid credentials.</doc>
<status status="PASS" start="2026-04-15T15:35:20.001403" elapsed="4.237305"/>
</kw>
<kw name="Verify Login Failed" owner="LoginApp">
<kw name="Wait Until Element Is Visible" owner="SeleniumLibrary">
<arg>${LoginButton}</arg>
<arg>10s</arg>
<doc>Waits until the element ``locator`` is visible.</doc>
<status status="PASS" start="2026-04-15T15:35:24.239006" elapsed="0.005362"/>
</kw>
<kw name="Element Should Be Visible" owner="SeleniumLibrary">
<msg time="2026-04-15T15:35:24.251295" level="INFO">Element 'xpath=//button[@type='button' and contains(@class, 'webix_button') and contains(translate(normalize-space(.), 'ABCDEFGHIJKLMNOPQRSTUVWXYZ', 'abcdefghijklmnopqrstuvwxyz'), 'login') and contains(translate(normalize-space(.), 'ABCDEFGHIJKLMNOPQRSTUVWXYZ', 'abcdefghijklmnopqrstuvwxyz'), 'password')]' is displayed.</msg>
<arg>${LoginButton}</arg>
<doc>Verifies that the element identified by ``locator`` is visible.</doc>
<status status="PASS" start="2026-04-15T15:35:24.244453" elapsed="0.006902"/>
</kw>
<doc>Ensure login fails and user remains on log in.</doc>
<status status="PASS" start="2026-04-15T15:35:24.238861" elapsed="0.012550"/>
</kw>
<kw name="Close Browser" owner="SeleniumLibrary" type="TEARDOWN">
<doc>Closes the current browser.</doc>
<status status="PASS" start="2026-04-15T15:35:24.251584" elapsed="0.141570"/>
</kw>
<doc>Ensure login fails when using an incorrect username.</doc>
<tag>Login</tag>
<tag>Negative</tag>
<status status="PASS" start="2026-04-15T15:35:17.306057" elapsed="7.087185"/>
</test>
<test id="s1-t3" name="Invalid Password (Negative Scenario)" line="29">
<kw name="Launch App For Login" type="SETUP">
<kw name="Launch Application" owner="LaunchApp">
<kw name="Open Browser" owner="SeleniumLibrary">
<msg time="2026-04-15T15:35:24.394040" level="INFO">Opening browser 'chrome' to base url 'https://myforce.tmrnd.com.my'.</msg>
<arg>${URL}</arg>
<arg>${BROWSER}</arg>
<doc>Opens a new browser instance to the optional ``url``.</doc>
<status status="PASS" start="2026-04-15T15:35:24.393927" elapsed="1.617911"/>
</kw>
<kw name="Maximize Browser Window" owner="SeleniumLibrary">
<doc>Maximizes current browser window.</doc>
<status status="PASS" start="2026-04-15T15:35:26.012095" elapsed="0.311826"/>
</kw>
<kw name="Set Screenshot Directory" owner="SeleniumLibrary">
<arg>${EXECDIR}/Screenshots</arg>
<doc>Sets the directory for captured screenshots.</doc>
<status status="PASS" start="2026-04-15T15:35:26.324047" elapsed="0.000248"/>
</kw>
<status status="PASS" start="2026-04-15T15:35:24.393813" elapsed="1.930538"/>
</kw>
<kw name="Your Connection not Private" owner="LoginApp">
<kw name="Run Keyword And Return Status" owner="BuiltIn">
<kw name="Page Should Contain" owner="SeleniumLibrary">
<msg time="2026-04-15T15:35:27.033347" level="INFO" html="true">&lt;/td&gt;&lt;/tr&gt;&lt;tr&gt;&lt;td colspan="3"&gt;&lt;a href="Screenshots/selenium-screenshot-45.png"&gt;&lt;img src="Screenshots/selenium-screenshot-45.png" width="800px"&gt;&lt;/a&gt;</msg>
<msg time="2026-04-15T15:35:27.033494" level="FAIL">Page should have contained text 'Your connection is not private' but did not.</msg>
<arg>Your connection is not private</arg>
<doc>Verifies that current page contains ``text``.</doc>
<status status="FAIL" start="2026-04-15T15:35:26.324872" elapsed="0.709012">Page should have contained text 'Your connection is not private' but did not.</status>
</kw>
<msg time="2026-04-15T15:35:27.033969" level="INFO">${is_ssl_error} = False</msg>
<var>${is_ssl_error}</var>
<arg>Page Should Contain</arg>
<arg>Your connection is not private</arg>
<doc>Runs the specified keyword and returns the status as a Boolean value.</doc>
<status status="PASS" start="2026-04-15T15:35:26.324657" elapsed="0.709325"/>
</kw>
<kw name="Return From Keyword If" owner="BuiltIn">
<msg time="2026-04-15T15:35:27.034255" level="INFO">Returning from the enclosing user keyword.</msg>
<arg>not ${is_ssl_error}</arg>
<doc>Returns from the enclosing user keyword if ``condition`` is true.</doc>
<status status="PASS" start="2026-04-15T15:35:27.034073" elapsed="0.000210"/>
</kw>
<kw name="Click Element" owner="SeleniumLibrary">
<arg>${AdvancedButton}</arg>
<doc>Click the element identified by ``locator``.</doc>
<status status="NOT RUN" start="2026-04-15T15:35:27.034345" elapsed="0.000012"/>
</kw>
<kw name="Page Should Contain" owner="SeleniumLibrary">
<arg>simulation.tmforcedev.tm.com.my (unsafe)</arg>
<doc>Verifies that current page contains ``text``.</doc>
<status status="NOT RUN" start="2026-04-15T15:35:27.034398" elapsed="0.000010"/>
</kw>
<kw name="Click Link" owner="SeleniumLibrary">
<arg>${ProceedLink}</arg>
<doc>Clicks a link identified by ``locator``.</doc>
<status status="NOT RUN" start="2026-04-15T15:35:27.034445" elapsed="0.000008"/>
</kw>
<kw name="Evaluate" owner="BuiltIn">
<var>${options}</var>
<arg>sys.modules['selenium.webdriver'].ChromeOptions()</arg>
<arg>sys, selenium.webdriver</arg>
<doc>Evaluates the given expression in Python and returns the result.</doc>
<status status="NOT RUN" start="2026-04-15T15:35:27.034497" elapsed="0.000009"/>
</kw>
<kw name="Call Method" owner="BuiltIn">
<arg>${options}</arg>
<arg>add_experimental_option</arg>
<arg>prefs</arg>
<arg>${CHROME_PREFS}</arg>
<doc>Calls the named method of the given object with the provided arguments.</doc>
<status status="NOT RUN" start="2026-04-15T15:35:27.034544" elapsed="0.000008"/>
</kw>
<doc>Open the browser and handle SSL certificate warning</doc>
<status status="PASS" start="2026-04-15T15:35:26.324492" elapsed="0.710096"/>
</kw>
<status status="PASS" start="2026-04-15T15:35:24.393674" elapsed="2.640942"/>
</kw>
<kw name="Login App" owner="LoginApp">
<kw name="Bypass SIT Environment If Needed" owner="LoginApp">
<kw name="Run Keyword And Return Status" owner="BuiltIn">
<kw name="Element Should Be Visible" owner="SeleniumLibrary">
<msg time="2026-04-15T15:35:27.750679" level="INFO" html="true">&lt;/td&gt;&lt;/tr&gt;&lt;tr&gt;&lt;td colspan="3"&gt;&lt;a href="Screenshots/selenium-screenshot-46.png"&gt;&lt;img src="Screenshots/selenium-screenshot-46.png" width="800px"&gt;&lt;/a&gt;</msg>
<msg time="2026-04-15T15:35:27.750780" level="FAIL">Element with locator 'xpath=//input[@placeholder='Username']' not found.</msg>
<arg>${username_input}</arg>
<doc>Verifies that the element identified by ``locator`` is visible.</doc>
<status status="FAIL" start="2026-04-15T15:35:27.035161" elapsed="0.716110">Element with locator 'xpath=//input[@placeholder='Username']' not found.</status>
</kw>
<msg time="2026-04-15T15:35:27.752404" level="INFO">${already} = False</msg>
<var>${already}</var>
<arg>Element Should Be Visible</arg>
<arg>${username_input}</arg>
<doc>Runs the specified keyword and returns the status as a Boolean value.</doc>
<status status="PASS" start="2026-04-15T15:35:27.035039" elapsed="0.717379"/>
</kw>
<kw name="Return From Keyword If" owner="BuiltIn">
<arg>${already}</arg>
<doc>Returns from the enclosing user keyword if ``condition`` is true.</doc>
<status status="PASS" start="2026-04-15T15:35:27.752504" elapsed="0.000150"/>
</kw>
<kw name="Run Keyword And Return Status" owner="BuiltIn">
<kw name="Wait Until Page Contains Element" owner="SeleniumLibrary">
<arg>${SIT_Button}</arg>
<arg>8s</arg>
<doc>Waits until the element ``locator`` appears on the current page.</doc>
<status status="PASS" start="2026-04-15T15:35:27.752822" elapsed="0.005143"/>
</kw>
<msg time="2026-04-15T15:35:27.758042" level="INFO">${sit} = True</msg>
<var>${sit}</var>
<arg>Wait Until Page Contains Element</arg>
<arg>${SIT_Button}</arg>
<arg>8s</arg>
<doc>Runs the specified keyword and returns the status as a Boolean value.</doc>
<status status="PASS" start="2026-04-15T15:35:27.752709" elapsed="0.005347"/>
</kw>
<kw name="Return From Keyword If" owner="BuiltIn">
<arg>not ${sit}</arg>
<doc>Returns from the enclosing user keyword if ``condition`` is true.</doc>
<status status="PASS" start="2026-04-15T15:35:27.758124" elapsed="0.000158"/>
</kw>
<for flavor="IN RANGE">
<iter>
<kw name="Execute Javascript" owner="SeleniumLibrary">
<msg time="2026-04-15T15:35:27.758649" level="INFO">Executing JavaScript:
document.querySelectorAll('button.webix_button')[0].click()
Without any arguments.</msg>
<arg>document.querySelectorAll('button.webix_button')[0].click()</arg>
<doc>Executes the given JavaScript code with possible arguments.</doc>
<status status="PASS" start="2026-04-15T15:35:27.758483" elapsed="0.002523"/>
</kw>
<kw name="Sleep" owner="BuiltIn">
<msg time="2026-04-15T15:35:28.262345" level="INFO">Slept 500 milliseconds.</msg>
<arg>0.5s</arg>
<doc>Pauses the test executed for the given time.</doc>
<status status="PASS" start="2026-04-15T15:35:27.761073" elapsed="0.501424"/>
</kw>
<var name="${i}">0</var>
<status status="PASS" start="2026-04-15T15:35:27.758425" elapsed="0.504143"/>
</iter>
<iter>
<kw name="Execute Javascript" owner="SeleniumLibrary">
<msg time="2026-04-15T15:35:28.263167" level="INFO">Executing JavaScript:
document.querySelectorAll('button.webix_button')[0].click()
Without any arguments.</msg>
<arg>document.querySelectorAll('button.webix_button')[0].click()</arg>
<doc>Executes the given JavaScript code with possible arguments.</doc>
<status status="PASS" start="2026-04-15T15:35:28.262849" elapsed="0.003291"/>
</kw>
<kw name="Sleep" owner="BuiltIn">
<msg time="2026-04-15T15:35:28.768585" level="INFO">Slept 500 milliseconds.</msg>
<arg>0.5s</arg>
<doc>Pauses the test executed for the given time.</doc>
<status status="PASS" start="2026-04-15T15:35:28.266251" elapsed="0.502642"/>
</kw>
<var name="${i}">1</var>
<status status="PASS" start="2026-04-15T15:35:28.262736" elapsed="0.506313"/>
</iter>
<iter>
<kw name="Execute Javascript" owner="SeleniumLibrary">
<msg time="2026-04-15T15:35:28.770520" level="INFO">Executing JavaScript:
document.querySelectorAll('button.webix_button')[0].click()
Without any arguments.</msg>
<arg>document.querySelectorAll('button.webix_button')[0].click()</arg>
<doc>Executes the given JavaScript code with possible arguments.</doc>
<status status="PASS" start="2026-04-15T15:35:28.769713" elapsed="0.017584"/>
</kw>
<kw name="Sleep" owner="BuiltIn">
<msg time="2026-04-15T15:35:29.288171" level="INFO">Slept 500 milliseconds.</msg>
<arg>0.5s</arg>
<doc>Pauses the test executed for the given time.</doc>
<status status="PASS" start="2026-04-15T15:35:28.787512" elapsed="0.501070"/>
</kw>
<var name="${i}">2</var>
<status status="PASS" start="2026-04-15T15:35:28.769397" elapsed="0.519424"/>
</iter>
<iter>
<kw name="Execute Javascript" owner="SeleniumLibrary">
<msg time="2026-04-15T15:35:29.290689" level="INFO">Executing JavaScript:
document.querySelectorAll('button.webix_button')[0].click()
Without any arguments.</msg>
<arg>document.querySelectorAll('button.webix_button')[0].click()</arg>
<doc>Executes the given JavaScript code with possible arguments.</doc>
<status status="PASS" start="2026-04-15T15:35:29.289696" elapsed="0.007572"/>
</kw>
<kw name="Sleep" owner="BuiltIn">
<msg time="2026-04-15T15:35:29.799793" level="INFO">Slept 500 milliseconds.</msg>
<arg>0.5s</arg>
<doc>Pauses the test executed for the given time.</doc>
<status status="PASS" start="2026-04-15T15:35:29.297579" elapsed="0.502439"/>
</kw>
<var name="${i}">3</var>
<status status="PASS" start="2026-04-15T15:35:29.289297" elapsed="0.510834"/>
</iter>
<var>${i}</var>
<value>4</value>
<status status="PASS" start="2026-04-15T15:35:27.758329" elapsed="2.041891"/>
</for>
<doc>DSS may show SIT/pre-login Webix buttons before the real login form.</doc>
<status status="PASS" start="2026-04-15T15:35:27.034952" elapsed="2.765417"/>
</kw>
<kw name="Wait Until Keyword Succeeds" owner="BuiltIn">
<kw name="At Least One Login Control Visible" owner="LoginApp">
<kw name="Run Keyword And Return Status" owner="BuiltIn">
<kw name="Element Should Be Visible" owner="SeleniumLibrary">
<msg time="2026-04-15T15:35:29.823537" level="INFO">Element 'xpath=//input[@placeholder='Username']' is displayed.</msg>
<arg>${username_input}</arg>
<doc>Verifies that the element identified by ``locator`` is visible.</doc>
<status status="PASS" start="2026-04-15T15:35:29.802163" elapsed="0.021491"/>
</kw>
<msg time="2026-04-15T15:35:29.823822" level="INFO">${user visible} = True</msg>
<var>${user visible}</var>
<arg>Element Should Be Visible</arg>
<arg>${username_input}</arg>
<doc>Runs the specified keyword and returns the status as a Boolean value.</doc>
<status status="PASS" start="2026-04-15T15:35:29.801785" elapsed="0.022068"/>
</kw>
<kw name="Run Keyword And Return Status" owner="BuiltIn">
<kw name="Element Should Be Visible" owner="SeleniumLibrary">
<msg time="2026-04-15T15:35:30.518664" level="INFO" html="true">&lt;/td&gt;&lt;/tr&gt;&lt;tr&gt;&lt;td colspan="3"&gt;&lt;a href="Screenshots/selenium-screenshot-47.png"&gt;&lt;img src="Screenshots/selenium-screenshot-47.png" width="800px"&gt;&lt;/a&gt;</msg>
<msg time="2026-04-15T15:35:30.518767" level="FAIL">Element with locator 'xpath=//button[contains(@class,'webix_button') and contains(normalize-space(.),'Enter')]' not found.</msg>
<arg>${EnterLogin_btn}</arg>
<doc>Verifies that the element identified by ``locator`` is visible.</doc>
<status status="FAIL" start="2026-04-15T15:35:29.824414" elapsed="0.694863">Element with locator 'xpath=//button[contains(@class,'webix_button') and contains(normalize-space(.),'Enter')]' not found.</status>
</kw>
<msg time="2026-04-15T15:35:30.519356" level="INFO">${enter visible} = False</msg>
<var>${enter visible}</var>
<arg>Element Should Be Visible</arg>
<arg>${EnterLogin_btn}</arg>
<doc>Runs the specified keyword and returns the status as a Boolean value.</doc>
<status status="PASS" start="2026-04-15T15:35:29.824036" elapsed="0.695333"/>
</kw>
<kw name="Should Be True" owner="BuiltIn">
<arg>${user visible} or ${enter visible}</arg>
<doc>Fails if the given condition is not true.</doc>
<status status="PASS" start="2026-04-15T15:35:30.519455" elapsed="0.000210"/>
</kw>
<doc>True when username field or Enter CTA is already on screen.</doc>
<status status="PASS" start="2026-04-15T15:35:29.801416" elapsed="0.718284"/>
</kw>
<arg>30s</arg>
<arg>1s</arg>
<arg>At Least One Login Control Visible</arg>
<doc>Runs the specified keyword and retries if it fails.</doc>
<status status="PASS" start="2026-04-15T15:35:29.800648" elapsed="0.719073"/>
</kw>
<kw name="Run Keyword And Return Status" owner="BuiltIn">
<kw name="Element Should Be Visible" owner="SeleniumLibrary">
<msg time="2026-04-15T15:35:31.179344" level="INFO" html="true">&lt;/td&gt;&lt;/tr&gt;&lt;tr&gt;&lt;td colspan="3"&gt;&lt;a href="Screenshots/selenium-screenshot-48.png"&gt;&lt;img src="Screenshots/selenium-screenshot-48.png" width="800px"&gt;&lt;/a&gt;</msg>
<msg time="2026-04-15T15:35:31.179834" level="FAIL">Element with locator 'xpath=//button[contains(@class,'webix_button') and contains(normalize-space(.),'Enter')]' not found.</msg>
<arg>${EnterLogin_btn}</arg>
<doc>Verifies that the element identified by ``locator`` is visible.</doc>
<status status="FAIL" start="2026-04-15T15:35:30.519891" elapsed="0.660475">Element with locator 'xpath=//button[contains(@class,'webix_button') and contains(normalize-space(.),'Enter')]' not found.</status>
</kw>
<msg time="2026-04-15T15:35:31.180454" level="INFO">${has_enter} = False</msg>
<var>${has_enter}</var>
<arg>Element Should Be Visible</arg>
<arg>${EnterLogin_btn}</arg>
<doc>Runs the specified keyword and returns the status as a Boolean value.</doc>
<status status="PASS" start="2026-04-15T15:35:30.519774" elapsed="0.660694"/>
</kw>
<kw name="Run Keyword If" owner="BuiltIn">
<arg>${has_enter}</arg>
<arg>Click Element</arg>
<arg>${EnterLogin_btn}</arg>
<doc>Runs the given keyword with the given arguments, if ``condition`` is true.</doc>
<status status="PASS" start="2026-04-15T15:35:31.180562" elapsed="0.000172"/>
</kw>
<kw name="Wait Until Element Is Visible" owner="SeleniumLibrary">
<arg>${username_input}</arg>
<arg>20s</arg>
<doc>Waits until the element ``locator`` is visible.</doc>
<status status="PASS" start="2026-04-15T15:35:31.180792" elapsed="0.006192"/>
</kw>
<kw name="Input Text" owner="SeleniumLibrary">
<msg time="2026-04-15T15:35:31.187242" level="INFO">Typing text 'DSS08' into text field 'xpath=//input[@placeholder='Username']'.</msg>
<arg>${username_input}</arg>
<arg>${user}</arg>
<doc>Types the given ``text`` into the text field identified by ``locator``.</doc>
<status status="PASS" start="2026-04-15T15:35:31.187094" elapsed="0.145393"/>
</kw>
<kw name="Wait Until Element Is Visible" owner="SeleniumLibrary">
<arg>${password_input}</arg>
<arg>15s</arg>
<doc>Waits until the element ``locator`` is visible.</doc>
<status status="PASS" start="2026-04-15T15:35:31.332778" elapsed="0.009847"/>
</kw>
<kw name="Input Password" owner="SeleniumLibrary">
<msg time="2026-04-15T15:35:31.342938" level="INFO">Typing password into text field 'xpath=//input[@placeholder="Password"]'.</msg>
<msg time="2026-04-15T15:35:31.361779" level="INFO">Temporally setting log level to: NONE</msg>
<arg>${password_input}</arg>
<arg>${pass}</arg>
<doc>Types the given password into the text field identified by ``locator``.</doc>
<status status="PASS" start="2026-04-15T15:35:31.342763" elapsed="0.039502"/>
</kw>
<kw name="Wait Until Element Is Visible" owner="SeleniumLibrary">
<arg>${LoginButton}</arg>
<arg>15s</arg>
<doc>Waits until the element ``locator`` is visible.</doc>
<status status="PASS" start="2026-04-15T15:35:31.382384" elapsed="0.008926"/>
</kw>
<kw name="Click Element" owner="SeleniumLibrary">
<msg time="2026-04-15T15:35:31.391560" level="INFO">Clicking element 'xpath=//button[@type='button' and contains(@class, 'webix_button') and contains(translate(normalize-space(.), 'ABCDEFGHIJKLMNOPQRSTUVWXYZ', 'abcdefghijklmnopqrstuvwxyz'), 'login') and contains(translate(normalize-space(.), 'ABCDEFGHIJKLMNOPQRSTUVWXYZ', 'abcdefghijklmnopqrstuvwxyz'), 'password')]'.</msg>
<arg>${LoginButton}</arg>
<doc>Click the element identified by ``locator``.</doc>
<status status="PASS" start="2026-04-15T15:35:31.391424" elapsed="0.030814"/>
</kw>
<arg>${username}</arg>
<arg>${invalid_password}</arg>
<doc>Perform successful login with valid credentials.</doc>
<status status="PASS" start="2026-04-15T15:35:27.034766" elapsed="4.387551"/>
</kw>
<kw name="Verify Login Failed" owner="LoginApp">
<kw name="Wait Until Element Is Visible" owner="SeleniumLibrary">
<arg>${LoginButton}</arg>
<arg>10s</arg>
<doc>Waits until the element ``locator`` is visible.</doc>
<status status="PASS" start="2026-04-15T15:35:31.422656" elapsed="0.005422"/>
</kw>
<kw name="Element Should Be Visible" owner="SeleniumLibrary">
<msg time="2026-04-15T15:35:31.434562" level="INFO">Element 'xpath=//button[@type='button' and contains(@class, 'webix_button') and contains(translate(normalize-space(.), 'ABCDEFGHIJKLMNOPQRSTUVWXYZ', 'abcdefghijklmnopqrstuvwxyz'), 'login') and contains(translate(normalize-space(.), 'ABCDEFGHIJKLMNOPQRSTUVWXYZ', 'abcdefghijklmnopqrstuvwxyz'), 'password')]' is displayed.</msg>
<arg>${LoginButton}</arg>
<doc>Verifies that the element identified by ``locator`` is visible.</doc>
<status status="PASS" start="2026-04-15T15:35:31.428169" elapsed="0.006455"/>
</kw>
<doc>Ensure login fails and user remains on log in.</doc>
<status status="PASS" start="2026-04-15T15:35:31.422504" elapsed="0.012179"/>
</kw>
<kw name="Close Browser" owner="SeleniumLibrary" type="TEARDOWN">
<doc>Closes the current browser.</doc>
<status status="PASS" start="2026-04-15T15:35:31.434853" elapsed="0.119220"/>
</kw>
<doc>Ensure login fails when using an incorrect password.</doc>
<tag>Login</tag>
<tag>Negative</tag>
<status status="PASS" start="2026-04-15T15:35:24.393428" elapsed="7.160729"/>
</test>
<test id="s1-t4" name="Empty Credentials (Negative Scenario)" line="35">
<kw name="Launch App For Login" type="SETUP">
<kw name="Launch Application" owner="LaunchApp">
<kw name="Open Browser" owner="SeleniumLibrary">
<msg time="2026-04-15T15:35:31.554901" level="INFO">Opening browser 'chrome' to base url 'https://myforce.tmrnd.com.my'.</msg>
<arg>${URL}</arg>
<arg>${BROWSER}</arg>
<doc>Opens a new browser instance to the optional ``url``.</doc>
<status status="PASS" start="2026-04-15T15:35:31.554799" elapsed="1.026189"/>
</kw>
<kw name="Maximize Browser Window" owner="SeleniumLibrary">
<doc>Maximizes current browser window.</doc>
<status status="PASS" start="2026-04-15T15:35:32.581723" elapsed="1.441635"/>
</kw>
<kw name="Set Screenshot Directory" owner="SeleniumLibrary">
<arg>${EXECDIR}/Screenshots</arg>
<doc>Sets the directory for captured screenshots.</doc>
<status status="PASS" start="2026-04-15T15:35:34.023488" elapsed="0.000247"/>
</kw>
<status status="PASS" start="2026-04-15T15:35:31.554700" elapsed="2.469093"/>
</kw>
<kw name="Your Connection not Private" owner="LoginApp">
<kw name="Run Keyword And Return Status" owner="BuiltIn">
<kw name="Page Should Contain" owner="SeleniumLibrary">
<msg time="2026-04-15T15:35:34.374443" level="INFO" html="true">&lt;/td&gt;&lt;/tr&gt;&lt;tr&gt;&lt;td colspan="3"&gt;&lt;a href="Screenshots/selenium-screenshot-49.png"&gt;&lt;img src="Screenshots/selenium-screenshot-49.png" width="800px"&gt;&lt;/a&gt;</msg>
<msg time="2026-04-15T15:35:34.374693" level="FAIL">Page should have contained text 'Your connection is not private' but did not.</msg>
<arg>Your connection is not private</arg>
<doc>Verifies that current page contains ``text``.</doc>
<status status="FAIL" start="2026-04-15T15:35:34.024271" elapsed="0.351014">Page should have contained text 'Your connection is not private' but did not.</status>
</kw>
<msg time="2026-04-15T15:35:34.375442" level="INFO">${is_ssl_error} = False</msg>
<var>${is_ssl_error}</var>
<arg>Page Should Contain</arg>
<arg>Your connection is not private</arg>
<doc>Runs the specified keyword and returns the status as a Boolean value.</doc>
<status status="PASS" start="2026-04-15T15:35:34.024071" elapsed="0.351386"/>
</kw>
<kw name="Return From Keyword If" owner="BuiltIn">
<msg time="2026-04-15T15:35:34.375930" level="INFO">Returning from the enclosing user keyword.</msg>
<arg>not ${is_ssl_error}</arg>
<doc>Returns from the enclosing user keyword if ``condition`` is true.</doc>
<status status="PASS" start="2026-04-15T15:35:34.375657" elapsed="0.000304"/>
</kw>
<kw name="Click Element" owner="SeleniumLibrary">
<arg>${AdvancedButton}</arg>
<doc>Click the element identified by ``locator``.</doc>
<status status="NOT RUN" start="2026-04-15T15:35:34.376038" elapsed="0.000014"/>
</kw>
<kw name="Page Should Contain" owner="SeleniumLibrary">
<arg>simulation.tmforcedev.tm.com.my (unsafe)</arg>
<doc>Verifies that current page contains ``text``.</doc>
<status status="NOT RUN" start="2026-04-15T15:35:34.376100" elapsed="0.000011"/>
</kw>
<kw name="Click Link" owner="SeleniumLibrary">
<arg>${ProceedLink}</arg>
<doc>Clicks a link identified by ``locator``.</doc>
<status status="NOT RUN" start="2026-04-15T15:35:34.376152" elapsed="0.000009"/>
</kw>
<kw name="Evaluate" owner="BuiltIn">
<var>${options}</var>
<arg>sys.modules['selenium.webdriver'].ChromeOptions()</arg>
<arg>sys, selenium.webdriver</arg>
<doc>Evaluates the given expression in Python and returns the result.</doc>
<status status="NOT RUN" start="2026-04-15T15:35:34.376659" elapsed="0.000024"/>
</kw>
<kw name="Call Method" owner="BuiltIn">
<arg>${options}</arg>
<arg>add_experimental_option</arg>
<arg>prefs</arg>
<arg>${CHROME_PREFS}</arg>
<doc>Calls the named method of the given object with the provided arguments.</doc>
<status status="NOT RUN" start="2026-04-15T15:35:34.376751" elapsed="0.000013"/>
</kw>
<doc>Open the browser and handle SSL certificate warning</doc>
<status status="PASS" start="2026-04-15T15:35:34.023924" elapsed="0.352906"/>
</kw>
<status status="PASS" start="2026-04-15T15:35:31.554562" elapsed="2.822307"/>
</kw>
<kw name="Login App" owner="LoginApp">
<kw name="Bypass SIT Environment If Needed" owner="LoginApp">
<kw name="Run Keyword And Return Status" owner="BuiltIn">
<kw name="Element Should Be Visible" owner="SeleniumLibrary">
<msg time="2026-04-15T15:35:35.162069" level="INFO" html="true">&lt;/td&gt;&lt;/tr&gt;&lt;tr&gt;&lt;td colspan="3"&gt;&lt;a href="Screenshots/selenium-screenshot-50.png"&gt;&lt;img src="Screenshots/selenium-screenshot-50.png" width="800px"&gt;&lt;/a&gt;</msg>
<msg time="2026-04-15T15:35:35.162188" level="FAIL">Element with locator 'xpath=//input[@placeholder='Username']' not found.</msg>
<arg>${username_input}</arg>
<doc>Verifies that the element identified by ``locator`` is visible.</doc>
<status status="FAIL" start="2026-04-15T15:35:34.379703" elapsed="0.783068">Element with locator 'xpath=//input[@placeholder='Username']' not found.</status>
</kw>
<msg time="2026-04-15T15:35:35.162851" level="INFO">${already} = False</msg>
<var>${already}</var>
<arg>Element Should Be Visible</arg>
<arg>${username_input}</arg>
<doc>Runs the specified keyword and returns the status as a Boolean value.</doc>
<status status="PASS" start="2026-04-15T15:35:34.379549" elapsed="0.783316"/>
</kw>
<kw name="Return From Keyword If" owner="BuiltIn">
<arg>${already}</arg>
<doc>Returns from the enclosing user keyword if ``condition`` is true.</doc>
<status status="PASS" start="2026-04-15T15:35:35.162953" elapsed="0.000163"/>
</kw>
<kw name="Run Keyword And Return Status" owner="BuiltIn">
<kw name="Wait Until Page Contains Element" owner="SeleniumLibrary">
<arg>${SIT_Button}</arg>
<arg>8s</arg>
<doc>Waits until the element ``locator`` appears on the current page.</doc>
<status status="PASS" start="2026-04-15T15:35:35.163297" elapsed="0.005390"/>
</kw>
<msg time="2026-04-15T15:35:35.168768" level="INFO">${sit} = True</msg>
<var>${sit}</var>
<arg>Wait Until Page Contains Element</arg>
<arg>${SIT_Button}</arg>
<arg>8s</arg>
<doc>Runs the specified keyword and returns the status as a Boolean value.</doc>
<status status="PASS" start="2026-04-15T15:35:35.163174" elapsed="0.005610"/>
</kw>
<kw name="Return From Keyword If" owner="BuiltIn">
<arg>not ${sit}</arg>
<doc>Returns from the enclosing user keyword if ``condition`` is true.</doc>
<status status="PASS" start="2026-04-15T15:35:35.168859" elapsed="0.000174"/>
</kw>
<for flavor="IN RANGE">
<iter>
<kw name="Execute Javascript" owner="SeleniumLibrary">
<msg time="2026-04-15T15:35:35.169493" level="INFO">Executing JavaScript:
document.querySelectorAll('button.webix_button')[0].click()
Without any arguments.</msg>
<arg>document.querySelectorAll('button.webix_button')[0].click()</arg>
<doc>Executes the given JavaScript code with possible arguments.</doc>
<status status="PASS" start="2026-04-15T15:35:35.169262" elapsed="0.002757"/>
</kw>
<kw name="Sleep" owner="BuiltIn">
<msg time="2026-04-15T15:35:35.673439" level="INFO">Slept 500 milliseconds.</msg>
<arg>0.5s</arg>
<doc>Pauses the test executed for the given time.</doc>
<status status="PASS" start="2026-04-15T15:35:35.172099" elapsed="0.501642"/>
</kw>
<var name="${i}">0</var>
<status status="PASS" start="2026-04-15T15:35:35.169209" elapsed="0.504694"/>
</iter>
<iter>
<kw name="Execute Javascript" owner="SeleniumLibrary">
<msg time="2026-04-15T15:35:35.681657" level="INFO">Executing JavaScript:
document.querySelectorAll('button.webix_button')[0].click()
Without any arguments.</msg>
<arg>document.querySelectorAll('button.webix_button')[0].click()</arg>
<doc>Executes the given JavaScript code with possible arguments.</doc>
<status status="PASS" start="2026-04-15T15:35:35.674463" elapsed="0.009834"/>
</kw>
<kw name="Sleep" owner="BuiltIn">
<msg time="2026-04-15T15:35:36.185585" level="INFO">Slept 500 milliseconds.</msg>
<arg>0.5s</arg>
<doc>Pauses the test executed for the given time.</doc>
<status status="PASS" start="2026-04-15T15:35:35.684403" elapsed="0.501261"/>
</kw>
<var name="${i}">1</var>
<status status="PASS" start="2026-04-15T15:35:35.674204" elapsed="0.511502"/>
</iter>
<iter>
<kw name="Execute Javascript" owner="SeleniumLibrary">
<msg time="2026-04-15T15:35:36.186105" level="INFO">Executing JavaScript:
document.querySelectorAll('button.webix_button')[0].click()
Without any arguments.</msg>
<arg>document.querySelectorAll('button.webix_button')[0].click()</arg>
<doc>Executes the given JavaScript code with possible arguments.</doc>
<status status="PASS" start="2026-04-15T15:35:36.185874" elapsed="0.006516"/>
</kw>
<kw name="Sleep" owner="BuiltIn">
<msg time="2026-04-15T15:35:36.693113" level="INFO">Slept 500 milliseconds.</msg>
<arg>0.5s</arg>
<doc>Pauses the test executed for the given time.</doc>
<status status="PASS" start="2026-04-15T15:35:36.192592" elapsed="0.500787"/>
</kw>
<var name="${i}">2</var>
<status status="PASS" start="2026-04-15T15:35:36.185792" elapsed="0.507732"/>
</iter>
<iter>
<kw name="Execute Javascript" owner="SeleniumLibrary">
<msg time="2026-04-15T15:35:36.695062" level="INFO">Executing JavaScript:
document.querySelectorAll('button.webix_button')[0].click()
Without any arguments.</msg>
<arg>document.querySelectorAll('button.webix_button')[0].click()</arg>
<doc>Executes the given JavaScript code with possible arguments.</doc>
<status status="PASS" start="2026-04-15T15:35:36.694179" elapsed="0.006854"/>
</kw>
<kw name="Sleep" owner="BuiltIn">
<msg time="2026-04-15T15:35:37.203336" level="INFO">Slept 500 milliseconds.</msg>
<arg>0.5s</arg>
<doc>Pauses the test executed for the given time.</doc>
<status status="PASS" start="2026-04-15T15:35:36.701159" elapsed="0.502611"/>
</kw>
<var name="${i}">3</var>
<status status="PASS" start="2026-04-15T15:35:36.693834" elapsed="0.510166"/>
</iter>
<var>${i}</var>
<value>4</value>
<status status="PASS" start="2026-04-15T15:35:35.169092" elapsed="2.035095"/>
</for>
<doc>DSS may show SIT/pre-login Webix buttons before the real login form.</doc>
<status status="PASS" start="2026-04-15T15:35:34.379443" elapsed="2.825067"/>
</kw>
<kw name="Wait Until Keyword Succeeds" owner="BuiltIn">
<kw name="At Least One Login Control Visible" owner="LoginApp">
<kw name="Run Keyword And Return Status" owner="BuiltIn">
<kw name="Element Should Be Visible" owner="SeleniumLibrary">
<msg time="2026-04-15T15:35:37.220776" level="INFO">Element 'xpath=//input[@placeholder='Username']' is displayed.</msg>
<arg>${username_input}</arg>
<doc>Verifies that the element identified by ``locator`` is visible.</doc>
<status status="PASS" start="2026-04-15T15:35:37.207594" elapsed="0.013242"/>
</kw>
<msg time="2026-04-15T15:35:37.220918" level="INFO">${user visible} = True</msg>
<var>${user visible}</var>
<arg>Element Should Be Visible</arg>
<arg>${username_input}</arg>
<doc>Runs the specified keyword and returns the status as a Boolean value.</doc>
<status status="PASS" start="2026-04-15T15:35:37.207163" elapsed="0.013767"/>
</kw>
<kw name="Run Keyword And Return Status" owner="BuiltIn">
<kw name="Element Should Be Visible" owner="SeleniumLibrary">
<msg time="2026-04-15T15:35:38.020752" level="INFO" html="true">&lt;/td&gt;&lt;/tr&gt;&lt;tr&gt;&lt;td colspan="3"&gt;&lt;a href="Screenshots/selenium-screenshot-51.png"&gt;&lt;img src="Screenshots/selenium-screenshot-51.png" width="800px"&gt;&lt;/a&gt;</msg>
<msg time="2026-04-15T15:35:38.020861" level="FAIL">Element with locator 'xpath=//button[contains(@class,'webix_button') and contains(normalize-space(.),'Enter')]' not found.</msg>
<arg>${EnterLogin_btn}</arg>
<doc>Verifies that the element identified by ``locator`` is visible.</doc>
<status status="FAIL" start="2026-04-15T15:35:37.221187" elapsed="0.800539">Element with locator 'xpath=//button[contains(@class,'webix_button') and contains(normalize-space(.),'Enter')]' not found.</status>
</kw>
<msg time="2026-04-15T15:35:38.021814" level="INFO">${enter visible} = False</msg>
<var>${enter visible}</var>
<arg>Element Should Be Visible</arg>
<arg>${EnterLogin_btn}</arg>
<doc>Runs the specified keyword and returns the status as a Boolean value.</doc>
<status status="PASS" start="2026-04-15T15:35:37.221012" elapsed="0.800816"/>
</kw>
<kw name="Should Be True" owner="BuiltIn">
<arg>${user visible} or ${enter visible}</arg>
<doc>Fails if the given condition is not true.</doc>
<status status="PASS" start="2026-04-15T15:35:38.021921" elapsed="0.000237"/>
</kw>
<doc>True when username field or Enter CTA is already on screen.</doc>
<status status="PASS" start="2026-04-15T15:35:37.206583" elapsed="0.815612"/>
</kw>
<arg>30s</arg>
<arg>1s</arg>
<arg>At Least One Login Control Visible</arg>
<doc>Runs the specified keyword and retries if it fails.</doc>
<status status="PASS" start="2026-04-15T15:35:37.205264" elapsed="0.816955"/>
</kw>
<kw name="Run Keyword And Return Status" owner="BuiltIn">
<kw name="Element Should Be Visible" owner="SeleniumLibrary">
<msg time="2026-04-15T15:35:38.656362" level="INFO" html="true">&lt;/td&gt;&lt;/tr&gt;&lt;tr&gt;&lt;td colspan="3"&gt;&lt;a href="Screenshots/selenium-screenshot-52.png"&gt;&lt;img src="Screenshots/selenium-screenshot-52.png" width="800px"&gt;&lt;/a&gt;</msg>
<msg time="2026-04-15T15:35:38.656458" level="FAIL">Element with locator 'xpath=//button[contains(@class,'webix_button') and contains(normalize-space(.),'Enter')]' not found.</msg>
<arg>${EnterLogin_btn}</arg>
<doc>Verifies that the element identified by ``locator`` is visible.</doc>
<status status="FAIL" start="2026-04-15T15:35:38.022402" elapsed="0.634547">Element with locator 'xpath=//button[contains(@class,'webix_button') and contains(normalize-space(.),'Enter')]' not found.</status>
</kw>
<msg time="2026-04-15T15:35:38.657028" level="INFO">${has_enter} = False</msg>
<var>${has_enter}</var>
<arg>Element Should Be Visible</arg>
<arg>${EnterLogin_btn}</arg>
<doc>Runs the specified keyword and returns the status as a Boolean value.</doc>
<status status="PASS" start="2026-04-15T15:35:38.022278" elapsed="0.634762"/>
</kw>
<kw name="Run Keyword If" owner="BuiltIn">
<arg>${has_enter}</arg>
<arg>Click Element</arg>
<arg>${EnterLogin_btn}</arg>
<doc>Runs the given keyword with the given arguments, if ``condition`` is true.</doc>
<status status="PASS" start="2026-04-15T15:35:38.657124" elapsed="0.000164"/>
</kw>
<kw name="Wait Until Element Is Visible" owner="SeleniumLibrary">
<arg>${username_input}</arg>
<arg>20s</arg>
<doc>Waits until the element ``locator`` is visible.</doc>
<status status="PASS" start="2026-04-15T15:35:38.657345" elapsed="0.005956"/>
</kw>
<kw name="Input Text" owner="SeleniumLibrary">
<msg time="2026-04-15T15:35:38.663545" level="INFO">Typing text '' into text field 'xpath=//input[@placeholder='Username']'.</msg>
<arg>${username_input}</arg>
<arg>${user}</arg>
<doc>Types the given ``text`` into the text field identified by ``locator``.</doc>
<status status="PASS" start="2026-04-15T15:35:38.663396" elapsed="0.039597"/>
</kw>
<kw name="Wait Until Element Is Visible" owner="SeleniumLibrary">
<arg>${password_input}</arg>
<arg>15s</arg>
<doc>Waits until the element ``locator`` is visible.</doc>
<status status="PASS" start="2026-04-15T15:35:38.703104" elapsed="0.008433"/>
</kw>
<kw name="Input Password" owner="SeleniumLibrary">
<msg time="2026-04-15T15:35:38.711790" level="INFO">Typing password into text field 'xpath=//input[@placeholder="Password"]'.</msg>
<msg time="2026-04-15T15:35:38.723512" level="INFO">Temporally setting log level to: NONE</msg>
<arg>${password_input}</arg>
<arg>${pass}</arg>
<doc>Types the given password into the text field identified by ``locator``.</doc>
<status status="PASS" start="2026-04-15T15:35:38.711648" elapsed="0.026270"/>
</kw>
<kw name="Wait Until Element Is Visible" owner="SeleniumLibrary">
<arg>${LoginButton}</arg>
<arg>15s</arg>
<doc>Waits until the element ``locator`` is visible.</doc>
<status status="PASS" start="2026-04-15T15:35:38.738028" elapsed="0.007590"/>
</kw>
<kw name="Click Element" owner="SeleniumLibrary">
<msg time="2026-04-15T15:35:38.745853" level="INFO">Clicking element 'xpath=//button[@type='button' and contains(@class, 'webix_button') and contains(translate(normalize-space(.), 'ABCDEFGHIJKLMNOPQRSTUVWXYZ', 'abcdefghijklmnopqrstuvwxyz'), 'login') and contains(translate(normalize-space(.), 'ABCDEFGHIJKLMNOPQRSTUVWXYZ', 'abcdefghijklmnopqrstuvwxyz'), 'password')]'.</msg>
<arg>${LoginButton}</arg>
<doc>Click the element identified by ``locator``.</doc>
<status status="PASS" start="2026-04-15T15:35:38.745720" elapsed="0.033266"/>
</kw>
<arg>${EMPTY}</arg>
<arg>${EMPTY}</arg>
<doc>Perform successful login with valid credentials.</doc>
<status status="PASS" start="2026-04-15T15:35:34.377081" elapsed="4.401980"/>
</kw>
<kw name="Verify Login Failed" owner="LoginApp">
<kw name="Wait Until Element Is Visible" owner="SeleniumLibrary">
<arg>${LoginButton}</arg>
<arg>10s</arg>
<doc>Waits until the element ``locator`` is visible.</doc>
<status status="PASS" start="2026-04-15T15:35:38.779374" elapsed="0.010830"/>
</kw>
<kw name="Element Should Be Visible" owner="SeleniumLibrary">
<msg time="2026-04-15T15:35:38.796137" level="INFO">Element 'xpath=//button[@type='button' and contains(@class, 'webix_button') and contains(translate(normalize-space(.), 'ABCDEFGHIJKLMNOPQRSTUVWXYZ', 'abcdefghijklmnopqrstuvwxyz'), 'login') and contains(translate(normalize-space(.), 'ABCDEFGHIJKLMNOPQRSTUVWXYZ', 'abcdefghijklmnopqrstuvwxyz'), 'password')]' is displayed.</msg>
<arg>${LoginButton}</arg>
<doc>Verifies that the element identified by ``locator`` is visible.</doc>
<status status="PASS" start="2026-04-15T15:35:38.790316" elapsed="0.005884"/>
</kw>
<doc>Ensure login fails and user remains on log in.</doc>
<status status="PASS" start="2026-04-15T15:35:38.779222" elapsed="0.017033"/>
</kw>
<kw name="Close Browser" owner="SeleniumLibrary" type="TEARDOWN">
<doc>Closes the current browser.</doc>
<status status="PASS" start="2026-04-15T15:35:38.796424" elapsed="0.234217"/>
</kw>
<doc>Ensure login fails when submitting empty fields.</doc>
<tag>Login</tag>
<tag>Negative</tag>
<status status="PASS" start="2026-04-15T15:35:31.554322" elapsed="7.476401"/>
</test>
<status status="PASS" start="2026-04-15T15:35:02.333535" elapsed="36.697539"/>
</suite>
<statistics>
<total>
<stat pass="4" fail="0" skip="0">All Tests</stat>
</total>
<tag>
<stat pass="4" fail="0" skip="0">Login</stat>
<stat pass="3" fail="0" skip="0">Negative</stat>
<stat pass="1" fail="0" skip="0">Positive</stat>
</tag>
<suite>
<stat name="LoginTest" id="s1" pass="4" fail="0" skip="0">LoginTest</stat>
</suite>
</statistics>
<errors>
</errors>
</robot>
